<?xml version="1.0" encoding="UTF-8"?>
<testng-results ignored="0" total="1" passed="1" failed="0" skipped="0">
  <reporter-output>
  </reporter-output>
  <suite started-at="2023-05-27T15:34:47 IST" name="Default suite" finished-at="2023-05-27T15:34:47 IST" duration-ms="120">
    <groups>
    </groups>
    <test started-at="2023-05-27T15:34:47 IST" name="Default test" finished-at="2023-05-27T15:34:47 IST" duration-ms="120">
      <class name="report_tools.log4">
        <test-method signature="test1()[pri:0, instance:report_tools.log4@15bb5034]" started-at="2023-05-27T15:34:47 IST" name="test1" finished-at="2023-05-27T15:34:47 IST" duration-ms="79" status="PASS">
          <reporter-output>
          </reporter-output>
        </test-method> <!-- test1 -->
      </class> <!-- report_tools.log4 -->
    </test> <!-- Default test -->
  </suite> <!-- Default suite -->
</testng-results>
